<?xml version="1.0" encoding="UTF-8"?>
<testsuite name="no.hiof.groupproject.models.UserProfileTest" tests="1" skipped="0" failures="0" errors="0" timestamp="2022-10-19T11:40:22" hostname="DESKTOP-K38CI5S" time="0.014">
  <properties/>
  <testcase name="check_calculate_average_works()" classname="no.hiof.groupproject.models.UserProfileTest" time="0.014"/>
  <system-out><![CDATA[]]></system-out>
  <system-err><![CDATA[]]></system-err>
</testsuite>
