<?xml version="1.0" encoding="UTF-8"?>
<testsuite name="no.hiof.groupproject.tools.VerifyLogInSignUpTest" tests="4" skipped="0" failures="0" errors="0" timestamp="2022-10-20T10:41:15" hostname="RACHEL" time="0.022">
  <properties/>
  <testcase name="checkMemberValidUser()" classname="no.hiof.groupproject.tools.VerifyLogInSignUpTest" time="0.017"/>
  <testcase name="checkMemberViaSignUpFacebook()" classname="no.hiof.groupproject.tools.VerifyLogInSignUpTest" time="0.001"/>
  <testcase name="checkMemberViaSignUpGoogle()" classname="no.hiof.groupproject.tools.VerifyLogInSignUpTest" time="0.001"/>
  <testcase name="checkMemberViaSignUp()" classname="no.hiof.groupproject.tools.VerifyLogInSignUpTest" time="0.0"/>
  <system-out><![CDATA[]]></system-out>
  <system-err><![CDATA[]]></system-err>
</testsuite>
